<?xml version="1.0" encoding="UTF-8"?>
<!-- Generated by org.testng.reporters.JUnitReportReporter -->
<testsuite hostname="LTIN508701" failures="0" tests="3" name="testRunner.TestRunner" time="73.412" errors="0" timestamp="2024-04-22T10:24:25 IST" skipped="0">
  <testcase classname="testRunner.TestRunner" name="runScenario" time="21.205"/>
  <testcase classname="testRunner.TestRunner" name="runScenario" time="25.326"/>
  <testcase classname="testRunner.TestRunner" name="runScenario" time="26.881"/>
</testsuite> <!-- testRunner.TestRunner -->
